<?xml version="1.0" encoding="UTF-8"?>
<!-- Generated by org.testng.reporters.JUnitReportReporter -->
<testsuite skipped="0" hostname="DESKTOP-N308L1J" name="test.LoginTest" tests="1" failures="0" timestamp="30 Jan 2021 18:14:16 GMT" time="14.052" errors="0">
  <testcase name="validUserShouldBeAbleToLogin" time="14.052" classname="test.LoginTest"/>
</testsuite> <!-- test.LoginTest -->
